# JRE version: Java(TM) SE Runtime Environment (8.0_91-b14) (build 1.8.0_91-b14)
# Java VM: Java HotSpot(TM) 64-Bit Server VM (25.91-b14 mixed mode bsd-amd64 compressed oops)
Heap:
 PSYoungGen      total 75264K, used 6240K [0x0000000795580000, 0x000000079d400000, 0x00000007c0000000)
  eden space 69120K, 9% used [0x0000000795580000,0x0000000795b98368,0x0000000799900000)
  from space 6144K, 0% used [0x0000000799d80000,0x0000000799d80000,0x000000079a380000)
  to   space 30208K, 0% used [0x000000079b680000,0x000000079b680000,0x000000079d400000)
 ParOldGen       total 100864K, used 31759K [0x0000000740000000, 0x0000000746280000, 0x0000000795580000)
  object space 100864K, 31% used [0x0000000740000000,0x0000000741f03c60,0x0000000746280000)
 Metaspace       used 20596K, capacity 20836K, committed 21120K, reserved 1067008K
  class space    used 2499K, capacity 2595K, committed 2688K, reserved 1048576K
GC Heap History (10 events):
Event: 98.925 GC heap before
{Heap before GC invocations=33 (full 1):
 PSYoungGen      total 91648K, used 78299K [0x0000000795580000, 0x000000079d800000, 0x00000007c0000000)
  eden space 61952K, 100% used [0x0000000795580000,0x0000000799200000,0x0000000799200000)
  from space 29696K, 55% used [0x0000000799200000,0x000000079a1f6cb0,0x000000079af00000)
  to   space 29696K, 0% used [0x000000079bb00000,0x000000079bb00000,0x000000079d800000)
 ParOldGen       total 91136K, used 68453K [0x0000000740000000, 0x0000000745900000, 0x0000000795580000)
  object space 91136K, 75% used [0x0000000740000000,0x00000007442d94e8,0x0000000745900000)
 Metaspace       used 19981K, capacity 20288K, committed 20736K, reserved 1067008K
  class space    used 2439K, capacity 2523K, committed 2560K, reserved 1048576K
Event: 98.935 GC heap after
Heap after GC invocations=33 (full 1):
 PSYoungGen      total 100864K, used 15452K [0x0000000795580000, 0x000000079d600000, 0x00000007c0000000)
  eden space 73216K, 0% used [0x0000000795580000,0x0000000795580000,0x0000000799d00000)
  from space 27648K, 55% used [0x000000079bb00000,0x000000079ca17000,0x000000079d600000)
  to   space 29184K, 0% used [0x0000000799d00000,0x0000000799d00000,0x000000079b980000)
 ParOldGen       total 91136K, used 69875K [0x0000000740000000, 0x0000000745900000, 0x0000000795580000)
  object space 91136K, 76% used [0x0000000740000000,0x000000074443ce68,0x0000000745900000)
 Metaspace       used 19981K, capacity 20288K, committed 20736K, reserved 1067008K
  class space    used 2439K, capacity 2523K, committed 2560K, reserved 1048576K
}
Event: 100.059 GC heap before
{Heap before GC invocations=34 (full 1):
 PSYoungGen      total 100864K, used 88668K [0x0000000795580000, 0x000000079d600000, 0x00000007c0000000)
  eden space 73216K, 100% used [0x0000000795580000,0x0000000799d00000,0x0000000799d00000)
  from space 27648K, 55% used [0x000000079bb00000,0x000000079ca17000,0x000000079d600000)
  to   space 29184K, 0% used [0x0000000799d00000,0x0000000799d00000,0x000000079b980000)
 ParOldGen       total 91136K, used 69875K [0x0000000740000000, 0x0000000745900000, 0x0000000795580000)
  object space 91136K, 76% used [0x0000000740000000,0x000000074443ce68,0x0000000745900000)
 Metaspace       used 19983K, capacity 20288K, committed 20736K, reserved 1067008K
  class space    used 2439K, capacity 2523K, committed 2560K, reserved 1048576K
Event: 100.064 GC heap after
Heap after GC invocations=34 (full 1):
 PSYoungGen      total 102400K, used 13983K [0x0000000795580000, 0x000000079de80000, 0x00000007c0000000)
  eden space 73216K, 0% used [0x0000000795580000,0x0000000795580000,0x0000000799d00000)
  from space 29184K, 47% used [0x0000000799d00000,0x000000079aaa7fe0,0x000000079b980000)
  to   space 28160K, 0% used [0x000000079c300000,0x000000079c300000,0x000000079de80000)
 ParOldGen       total 91136K, used 70010K [0x0000000740000000, 0x0000000745900000, 0x0000000795580000)
  object space 91136K, 76% used [0x0000000740000000,0x000000074445eaf0,0x0000000745900000)
 Metaspace       used 19983K, capacity 20288K, committed 20736K, reserved 1067008K
  class space    used 2439K, capacity 2523K, committed 2560K, reserved 1048576K
}
Event: 360.757 GC heap before
{Heap before GC invocations=35 (full 1):
 PSYoungGen      total 102400K, used 84227K [0x0000000795580000, 0x000000079de80000, 0x00000007c0000000)
  eden space 73216K, 95% used [0x0000000795580000,0x0000000799a18f30,0x0000000799d00000)
  from space 29184K, 47% used [0x0000000799d00000,0x000000079aaa7fe0,0x000000079b980000)
  to   space 28160K, 0% used [0x000000079c300000,0x000000079c300000,0x000000079de80000)
 ParOldGen       total 91136K, used 70010K [0x0000000740000000, 0x0000000745900000, 0x0000000795580000)
  object space 91136K, 76% used [0x0000000740000000,0x000000074445eaf0,0x0000000745900000)
 Metaspace       used 20574K, capacity 20836K, committed 21120K, reserved 1067008K
  class space    used 2499K, capacity 2595K, committed 2688K, reserved 1048576K
Event: 361.007 GC heap after
Heap after GC invocations=35 (full 1):
 PSYoungGen      total 94208K, used 22711K [0x0000000795580000, 0x000000079d980000, 0x00000007c0000000)
  eden space 71168K, 0% used [0x0000000795580000,0x0000000795580000,0x0000000799b00000)
  from space 23040K, 98% used [0x000000079c300000,0x000000079d92dff0,0x000000079d980000)
  to   space 30720K, 0% used [0x0000000799d80000,0x0000000799d80000,0x000000079bb80000)
 ParOldGen       total 91136K, used 70034K [0x0000000740000000, 0x0000000745900000, 0x0000000795580000)
  object space 91136K, 76% used [0x0000000740000000,0x0000000744464af0,0x0000000745900000)
 Metaspace       used 20574K, capacity 20836K, committed 21120K, reserved 1067008K
  class space    used 2499K, capacity 2595K, committed 2688K, reserved 1048576K
}
Event: 1214.536 GC heap before
{Heap before GC invocations=36 (full 1):
 PSYoungGen      total 94208K, used 93390K [0x0000000795580000, 0x000000079d980000, 0x00000007c0000000)
  eden space 71168K, 99% used [0x0000000795580000,0x0000000799a85bc0,0x0000000799b00000)
  from space 23040K, 98% used [0x000000079c300000,0x000000079d92dff0,0x000000079d980000)
  to   space 30720K, 0% used [0x0000000799d80000,0x0000000799d80000,0x000000079bb80000)
 ParOldGen       total 91136K, used 70034K [0x0000000740000000, 0x0000000745900000, 0x0000000795580000)
  object space 91136K, 76% used [0x0000000740000000,0x0000000744464af0,0x0000000745900000)
 Metaspace       used 20596K, capacity 20836K, committed 21120K, reserved 1067008K
  class space    used 2499K, capacity 2595K, committed 2688K, reserved 1048576K
Event: 1214.614 GC heap after
Heap after GC invocations=36 (full 1):
 PSYoungGen      total 75264K, used 5984K [0x0000000795580000, 0x000000079d400000, 0x00000007c0000000)
  eden space 69120K, 0% used [0x0000000795580000,0x0000000795580000,0x0000000799900000)
  from space 6144K, 97% used [0x0000000799d80000,0x000000079a358068,0x000000079a380000)
  to   space 30208K, 0% used [0x000000079b680000,0x000000079b680000,0x000000079d400000)
 ParOldGen       total 96768K, used 96189K [0x0000000740000000, 0x0000000745e80000, 0x0000000795580000)
  object space 96768K, 99% used [0x0000000740000000,0x0000000745def6a0,0x0000000745e80000)
 Metaspace       used 20596K, capacity 20836K, committed 21120K, reserved 1067008K
  class space    used 2499K, capacity 2595K, committed 2688K, reserved 1048576K
}
Event: 1214.614 GC heap before
{Heap before GC invocations=37 (full 2):
 PSYoungGen      total 75264K, used 5984K [0x0000000795580000, 0x000000079d400000, 0x00000007c0000000)
  eden space 69120K, 0% used [0x0000000795580000,0x0000000795580000,0x0000000799900000)
  from space 6144K, 97% used [0x0000000799d80000,0x000000079a358068,0x000000079a380000)
  to   space 30208K, 0% used [0x000000079b680000,0x000000079b680000,0x000000079d400000)
 ParOldGen       total 96768K, used 96189K [0x0000000740000000, 0x0000000745e80000, 0x0000000795580000)
  object space 96768K, 99% used [0x0000000740000000,0x0000000745def6a0,0x0000000745e80000)
 Metaspace       used 20596K, capacity 20836K, committed 21120K, reserved 1067008K
  class space    used 2499K, capacity 2595K, committed 2688K, reserved 1048576K
Event: 1214.824 GC heap after
Heap after GC invocations=37 (full 2):
 PSYoungGen      total 75264K, used 0K [0x0000000795580000, 0x000000079d400000, 0x00000007c0000000)
  eden space 69120K, 0% used [0x0000000795580000,0x0000000795580000,0x0000000799900000)
  from space 6144K, 0% used [0x0000000799d80000,0x0000000799d80000,0x000000079a380000)
  to   space 30208K, 0% used [0x000000079b680000,0x000000079b680000,0x000000079d400000)
 ParOldGen       total 100864K, used 31759K [0x0000000740000000, 0x0000000746280000, 0x0000000795580000)
  object space 100864K, 31% used [0x0000000740000000,0x0000000741f03c60,0x0000000746280000)
 Metaspace       used 20596K, capacity 20836K, committed 21120K, reserved 1067008K
  class space    used 2499K, capacity 2595K, committed 2688K, reserved 1048576K
}

